<?xml version="1.0" encoding="UTF-8"?>
<!-- Generated by org.testng.reporters.JUnitXMLReporter -->
<testsuite hostname="BLRL79035" ignored="0" name="Default test" tests="5" failures="0" timestamp="18 Jun 2020 02:05:09 GMT" time="0.075" errors="0">
  <testcase name="funTest" time="0.009" classname="SDET.Practice.AdvFilterTest.OpsTest"/>
  <testcase name="funTest" time="0.002" classname="SDET.Practice.AdvFilterTest.OpsTest"/>
  <testcase name="funTest" time="0.001" classname="SDET.Practice.AdvFilterTest.OpsTest"/>
  <testcase name="funTest" time="0.002" classname="SDET.Practice.AdvFilterTest.OpsTest"/>
  <testcase name="funTest" time="0.001" classname="SDET.Practice.AdvFilterTest.OpsTest"/>
</testsuite> <!-- Default test -->
