<?xml version="1.0" encoding="UTF-8"?>
<!-- Generated by org.testng.reporters.JUnitXMLReporter -->
<testsuite hostname="BLRL79035" ignored="0" name="Default test" tests="4" failures="0" timestamp="14 Jun 2020 07:42:38 GMT" time="43.496" errors="0">
  <testcase name="testPayment" time="12.189" classname="SDET.Practice.AmazonBuy.PruchaseTest"/>
  <testcase name="testPayment" time="10.405" classname="SDET.Practice.AmazonBuy.PruchaseTest"/>
  <testcase name="testPayment" time="10.242" classname="SDET.Practice.AmazonBuy.PruchaseTest"/>
  <testcase name="testPayment" time="10.582" classname="SDET.Practice.AmazonBuy.PruchaseTest"/>
</testsuite> <!-- Default test -->
