<?xml version="1.0" encoding="UTF-8"?>
<!-- Generated by org.testng.reporters.JUnitXMLReporter -->
<testsuite hostname="BLRL79035" ignored="0" name="Test" tests="4" failures="0" timestamp="14 Jun 2020 10:07:15 GMT" time="42.009" errors="0">
  <testcase name="testPayment" time="12.04" classname="SDET.Practice.AmazonBuy.PruchaseTest"/>
  <testcase name="testPayment" time="9.896" classname="SDET.Practice.AmazonBuy.PruchaseTest"/>
  <testcase name="testPayment" time="10.366" classname="SDET.Practice.AmazonBuy.PruchaseTest"/>
  <testcase name="testPayment" time="9.601" classname="SDET.Practice.AmazonBuy.PruchaseTest"/>
</testsuite> <!-- Test -->
