<?xml version="1.0" encoding="UTF-8"?>
<testng-results skipped="0" failed="0" ignored="0" total="1" passed="1">
  <reporter-output>
  </reporter-output>
  <suite name="Default suite" duration-ms="13805" started-at="2020-06-18T17:03:54Z" finished-at="2020-06-18T17:04:08Z">
    <groups>
    </groups>
    <test name="Default test" duration-ms="13805" started-at="2020-06-18T17:03:54Z" finished-at="2020-06-18T17:04:08Z">
      <class name="SDET.CheckBoxAssignment.CheckBoxAssignment">
        <test-method status="PASS" signature="funCheckBox()[pri:0, instance:SDET.CheckBoxAssignment.CheckBoxAssignment@548e7350]" name="funCheckBox" duration-ms="13791" started-at="2020-06-18T22:33:54Z" finished-at="2020-06-18T22:34:08Z">
          <reporter-output>
          </reporter-output>
        </test-method> <!-- funCheckBox -->
      </class> <!-- SDET.CheckBoxAssignment.CheckBoxAssignment -->
    </test> <!-- Default test -->
  </suite> <!-- Default suite -->
</testng-results>
